2023-05-11 09:57:19,771 INFO test001_get_token.py[14] - 正在获取token,token为：{'X-Token': 'eyJhbGciOiJIUzUxMiIsImlhdCI6MTY4Mzc3MDE3NCwiZXhwIjoxNjg2NDU4MTc0fQ.eyJhZG1pbl9pZCI6MTAwfQ.EHLvDEQAuGLWB1lXVmyy0EHxGDIXbOCTjiFQRmZwWCP3HBqvfDUyi1gBzEC1rAXahlsYJG0I3PcCvsZeNhDgvg'}
2023-05-11 09:57:36,398 INFO test_case_execution.py[20] - 执行的用例ID：API005
2023-05-11 09:57:36,603 INFO test_case_execution.py[40] - 断言失败
2023-05-11 09:57:58,212 INFO test_case_execution.py[20] - 执行的用例ID：API005
2023-05-11 09:57:58,419 INFO test_case_execution.py[36] - 状态码正确，状态码为：200
2023-05-11 09:57:58,420 INFO test_case_execution.py[40] - 断言失败
2023-05-11 09:59:15,409 INFO test_case_execution.py[20] - 执行的用例ID：API005
2023-05-11 09:59:15,664 INFO test_case_execution.py[36] - 状态码正确，状态码为：200
2023-05-11 09:59:15,665 INFO test_case_execution.py[41] - 断言失败
2023-05-11 09:59:38,491 INFO test_case_execution.py[20] - 执行的用例ID：API005
2023-05-11 09:59:38,772 INFO test_case_execution.py[36] - 状态码正确，状态码为：200
2023-05-11 09:59:48,841 INFO test_case_execution.py[41] - 断言失败
2023-05-11 10:00:11,888 INFO test_case_execution.py[20] - 执行的用例ID：API005
2023-05-11 10:00:12,143 INFO test_case_execution.py[36] - 状态码正确，状态码为：200
2023-05-11 10:00:28,030 INFO test_case_execution.py[41] - 断言失败
2023-05-11 10:00:33,100 INFO test_case_execution.py[20] - 执行的用例ID：API005
2023-05-11 10:00:33,291 INFO test_case_execution.py[36] - 状态码正确，状态码为：200
2023-05-11 10:01:13,520 INFO test_case_execution.py[20] - 执行的用例ID：API005
2023-05-11 10:01:13,753 INFO test_case_execution.py[36] - 状态码正确，状态码为：200
2023-05-11 10:01:49,053 INFO test_case_execution.py[20] - 执行的用例ID：API005
2023-05-11 10:01:49,249 INFO test_case_execution.py[36] - 状态码正确，状态码为：200
2023-05-11 10:01:49,249 INFO test_case_execution.py[39] - 断言参数返回正确，返回数据为：{'code': 0, 'data': '操作成功'}
2023-05-11 10:02:06,393 INFO test_case_execution.py[20] - 执行的用例ID：API005
2023-05-11 10:02:06,648 INFO test_case_execution.py[36] - 状态码正确，状态码为：200
2023-05-11 10:02:06,649 INFO test_case_execution.py[41] - 断言失败
2023-05-11 10:02:47,815 INFO test_case_execution.py[20] - 执行的用例ID：API005
2023-05-11 10:03:10,392 INFO test_case_execution.py[20] - 执行的用例ID：API005
2023-05-11 10:03:32,090 INFO test_case_execution.py[20] - 执行的用例ID：API005
2023-05-11 10:03:38,371 INFO test_case_execution.py[35] - 状态码正确，状态码为：200
2023-05-11 14:10:59,964 INFO test_case_execution.py[18] - 执行的用例ID：API002
2023-05-11 14:11:00,141 INFO test_case_execution.py[33] - 状态码正确，状态码为：200
2023-05-11 14:11:00,142 INFO test_case_execution.py[36] - 断言参数返回正确，返回数据为：{'code': 0, 'data': {'bill_id': 517, 'bill_no': '2023051114095400000517', 'bill_type': 0, 'bill_state': 1, 'bill_amount': 2, 'bill_source': 3, 'settle_type': 0, 'expect_date': '2023-05-11', 'real_name': '一级审批', 'invoice_type': 4, 'tax_rate': None, 'invoice_title': None, 'invoice_state': 0, 'amount_refund': None, 'deposit_amount': 0, 'last_amount': 2, 'amount': None, 'amount_net': None, 'amount_tax': None, 'vendor_id': 1479, 'vendor_name': '十足', 'profit_rate': 97.03, 'pay_type': 0, 'pay_name': '于是让手动阀十分士大夫', 'pay_bank': '工行安徽省分行财务会计部', 'pay_account': '3100008888', 'pay_web': None, 'bank_name': '工行安徽省分行财务会计部', 'bank_account': '于是让手动阀十分士大夫', 'bank_account_no': '3100008888', 'receive_type': 0, 'bank_code': None, 'bank_area_code': None, 'current_amount': 2, 'comment': '123123123', 'current_apply_id': 517, 'current_apply_state': 5, 'check_real_name': None, 'create_time': '2023-05-11 14:09:54', 'order_prods': [{'order_id': 16459, 'p_order_id': 19590, 'prod_state': 9, 'product_name': '自主开票测试商品', 'spec_name': '测试自主开票', 'part_name': None, 'quantity': 1, 'produce_cost': 1, 'package_cost': 1, 'freight_cost': 0, 'total_cost': 1, 'profit_rate': 5.66, 'vendor_name': '十足', 'order_type_text': '普通订单', 'create_time': '2023-05-11 10:59:59'}, {'order_id': 16406, 'p_order_id': 19523, 'prod_state': 9, 'product_name': '是否有价格', 'spec_name': '默认规格', 'part_name': None, 'quantity': 1, 'produce_cost': 2, 'package_cost': 2, 'freight_cost': 2, 'total_cost': 2, 'profit_rate': 98, 'vendor_name': '十足', 'order_type_text': '普通订单', 'create_time': '2023-05-06 15:23:33'}], 'admins': [{'admin_id': 1169, 'real_name': '一级审批', 'admin_level': 1}, {'admin_id': 1170, 'real_name': '二级审批', 'admin_level': 2}], 'pay_infos': [{'account': '抟力数智（宁波）科技有限公司', 'file_infos': [], 'amount': 1, 'pay_time': '2023-05-11 13:50:50'}, {'account': '常熟随手印信息科技有限公司', 'file_infos': [], 'amount': 8, 'pay_time': '2023-05-11 13:51:24'}, {'account': '抟力数智（宁波）科技有限公司', 'file_infos': [], 'amount': 2, 'pay_time': '2023-05-11 13:51:40'}], 'invoice_info': None, 'amount_types': ['produce_cost']}}
2023-05-11 14:12:51,562 INFO test_case_execution.py[18] - 执行的用例ID：API002
2023-05-11 14:12:51,728 INFO test_case_execution.py[33] - 状态码正确，状态码为：200
2023-05-11 14:12:51,729 INFO test_case_execution.py[36] - 断言参数返回正确，返回数据为：{'code': 0, 'data': {'bill_id': 517, 'bill_no': '2023051114114500000517', 'bill_type': 0, 'bill_state': 1, 'bill_amount': 2, 'bill_source': 3, 'settle_type': 0, 'expect_date': '2023-05-11', 'real_name': '一级审批', 'invoice_type': 4, 'tax_rate': None, 'invoice_title': None, 'invoice_state': 0, 'amount_refund': None, 'deposit_amount': 0, 'last_amount': 2, 'amount': None, 'amount_net': None, 'amount_tax': None, 'vendor_id': 1479, 'vendor_name': '十足', 'profit_rate': 97.03, 'pay_type': 0, 'pay_name': '于是让手动阀十分士大夫', 'pay_bank': '工行安徽省分行财务会计部', 'pay_account': '3100008888', 'pay_web': None, 'bank_name': '工行安徽省分行财务会计部', 'bank_account': '于是让手动阀十分士大夫', 'bank_account_no': '3100008888', 'receive_type': 0, 'bank_code': None, 'bank_area_code': None, 'current_amount': 2, 'comment': '123123123', 'current_apply_id': 517, 'current_apply_state': 5, 'check_real_name': None, 'create_time': '2023-05-11 14:11:45', 'order_prods': [{'order_id': 16459, 'p_order_id': 19590, 'prod_state': 9, 'product_name': '自主开票测试商品', 'spec_name': '测试自主开票', 'part_name': None, 'quantity': 1, 'produce_cost': 1, 'package_cost': 1, 'freight_cost': 0, 'total_cost': 1, 'profit_rate': 5.66, 'vendor_name': '十足', 'order_type_text': '普通订单', 'create_time': '2023-05-11 10:59:59'}, {'order_id': 16406, 'p_order_id': 19523, 'prod_state': 9, 'product_name': '是否有价格', 'spec_name': '默认规格', 'part_name': None, 'quantity': 1, 'produce_cost': 2, 'package_cost': 2, 'freight_cost': 2, 'total_cost': 2, 'profit_rate': 98, 'vendor_name': '十足', 'order_type_text': '普通订单', 'create_time': '2023-05-06 15:23:33'}], 'admins': [{'admin_id': 1169, 'real_name': '一级审批', 'admin_level': 1}, {'admin_id': 1170, 'real_name': '二级审批', 'admin_level': 2}], 'pay_infos': [{'account': '抟力数智（宁波）科技有限公司', 'file_infos': [], 'amount': 1, 'pay_time': '2023-05-11 13:50:50'}, {'account': '常熟随手印信息科技有限公司', 'file_infos': [], 'amount': 8, 'pay_time': '2023-05-11 13:51:24'}, {'account': '抟力数智（宁波）科技有限公司', 'file_infos': [], 'amount': 2, 'pay_time': '2023-05-11 13:51:40'}, {'account': '抟力数智（宁波）科技有限公司', 'file_infos': [], 'amount': 2, 'pay_time': '2023-05-11 14:10:56'}], 'invoice_info': None, 'amount_types': ['produce_cost']}}
