2023-05-09 10:15:48,083 INFO test001_get_token.py[14] - 正在获取token,token为：{'X-Token': 'eyJhbGciOiJIUzUxMiIsImlhdCI6MTY4MzU5ODQ4NiwiZXhwIjoxNjg2Mjg2NDg2fQ.eyJhZG1pbl9pZCI6MTAwfQ.b8Z6KLA5OXkJJ3bLAOlLGUxxZUpQS2rZdEWePDJE1PHfPLEfnQGtI9GvPeC9BaLJrhwvoK9ThFJjEtRgtWNFNw'}
2023-05-09 10:24:11,870 INFO finance.py[33] - 用例ID：API001
2023-05-09 10:24:12,013 INFO finance.py[33] - 用例ID：API002
2023-05-09 10:24:12,143 INFO finance.py[33] - 用例ID：API003
2023-05-09 10:25:06,370 INFO finance.py[33] - 
用例ID：API001
2023-05-09 10:25:06,502 INFO finance.py[33] - 
用例ID：API002
2023-05-09 10:25:06,601 INFO finance.py[33] - 
用例ID：API003
2023-05-09 10:25:38,220 INFO finance.py[33] - 用例ID：API001
2023-05-09 10:25:38,339 INFO finance.py[33] - 用例ID：API002
2023-05-09 10:25:38,454 INFO finance.py[33] - 用例ID：API003
2023-05-09 10:26:00,992 INFO finance.py[33] - 用例ID：API001
2023-05-09 10:26:01,172 INFO finance.py[33] - 用例ID：API002
2023-05-09 10:26:01,292 INFO finance.py[33] - 用例ID：API003
2023-05-09 10:27:29,904 INFO finance.py[33] - 用例ID：API001
2023-05-09 10:27:30,062 INFO finance.py[33] - 用例ID：API002
2023-05-09 10:27:30,167 INFO finance.py[33] - 用例ID：API003
2023-05-09 10:28:57,513 INFO finance.py[33] - 用例ID：API001
2023-05-09 10:28:57,663 INFO finance.py[33] - 用例ID：API002
2023-05-09 10:28:57,790 INFO finance.py[33] - 用例ID：API003
2023-05-09 10:28:57,910 INFO finance.py[33] - 用例ID：API004
2023-05-09 10:29:14,215 INFO finance.py[33] - 用例ID：API001
2023-05-09 10:29:14,380 INFO finance.py[33] - 用例ID：API002
2023-05-09 10:29:14,479 INFO finance.py[33] - 用例ID：API003
2023-05-09 10:29:14,607 INFO finance.py[33] - 用例ID：API004
2023-05-09 10:47:34,652 INFO finance.py[33] - 用例ID：API001
2023-05-09 10:47:35,101 INFO finance.py[33] - 用例ID：API002
2023-05-09 10:47:35,400 INFO finance.py[33] - 用例ID：API003
2023-05-09 10:47:35,891 INFO finance.py[33] - 用例ID：API004
2023-05-09 10:47:48,314 INFO finance.py[33] - 用例ID：API001
2023-05-09 10:47:48,451 INFO finance.py[33] - 用例ID：API002
2023-05-09 10:47:48,561 INFO finance.py[33] - 用例ID：API003
2023-05-09 10:47:48,665 INFO finance.py[33] - 用例ID：API004
2023-05-09 10:54:15,975 INFO finance.py[33] - 用例ID：API001
2023-05-09 10:54:16,071 INFO finance.py[33] - 用例ID：API002
2023-05-09 10:54:16,162 INFO finance.py[33] - 用例ID：API003
2023-05-09 10:54:16,284 INFO finance.py[33] - 用例ID：API004
2023-05-09 11:02:18,849 INFO finance.py[33] - 用例ID：API001
2023-05-09 11:02:18,992 INFO finance.py[33] - 用例ID：API002
2023-05-09 11:02:19,110 INFO finance.py[33] - 用例ID：API003
2023-05-09 11:02:19,226 INFO finance.py[33] - 用例ID：API004
2023-05-09 11:02:37,195 INFO finance.py[33] - 用例ID：API001
2023-05-09 11:02:37,336 INFO finance.py[33] - 用例ID：API002
2023-05-09 11:02:37,465 INFO finance.py[33] - 用例ID：API003
2023-05-09 11:02:37,561 INFO finance.py[33] - 用例ID：API004
2023-05-09 11:02:49,910 INFO finance.py[34] - 用例ID：API001
2023-05-09 11:02:50,058 INFO finance.py[34] - 用例ID：API002
2023-05-09 11:02:50,178 INFO finance.py[34] - 用例ID：API003
2023-05-09 11:02:50,305 INFO finance.py[34] - 用例ID：API004
2023-05-09 11:42:05,477 INFO finance.py[34] - 用例ID：API001
2023-05-09 11:42:05,632 INFO finance.py[34] - 用例ID：API002
2023-05-09 11:42:05,724 INFO finance.py[34] - 用例ID：API003
2023-05-09 11:42:05,845 INFO finance.py[34] - 用例ID：API004
2023-05-09 11:57:33,858 INFO finance.py[34] - 用例ID：API001
2023-05-09 11:57:34,031 INFO finance.py[34] - 用例ID：API002
2023-05-09 11:57:34,149 INFO finance.py[34] - 用例ID：API003
2023-05-09 11:57:34,264 INFO finance.py[34] - 用例ID：API004
2023-05-09 11:58:06,166 INFO finance.py[34] - 用例ID：API001
2023-05-09 11:58:06,562 INFO finance.py[34] - 用例ID：API002
2023-05-09 11:58:06,792 INFO finance.py[34] - 用例ID：API003
2023-05-09 11:58:06,907 INFO finance.py[34] - 用例ID：API004
2023-05-09 13:07:30,861 INFO finance.py[34] - 用例ID：API001
2023-05-09 13:07:31,043 INFO finance.py[34] - 用例ID：API002
2023-05-09 13:07:31,179 INFO finance.py[34] - 用例ID：API003
2023-05-09 13:07:31,325 INFO finance.py[34] - 用例ID：API004
2023-05-09 13:07:38,319 INFO finance.py[34] - 用例ID：API001
2023-05-09 13:07:38,504 INFO finance.py[34] - 用例ID：API002
2023-05-09 13:07:38,670 INFO finance.py[34] - 用例ID：API003
2023-05-09 13:07:38,820 INFO finance.py[34] - 用例ID：API004
2023-05-09 13:15:21,698 INFO finance.py[34] - 用例ID：API001
2023-05-09 13:15:21,895 INFO finance.py[34] - 用例ID：API002
2023-05-09 13:15:22,029 INFO finance.py[34] - 用例ID：API003
2023-05-09 13:15:22,154 INFO finance.py[34] - 用例ID：API004
2023-05-09 15:45:18,088 INFO finance.py[34] - 用例ID：API001
2023-05-09 15:45:18,209 INFO finance.py[34] - 用例ID：API002
2023-05-09 15:52:39,868 INFO finance.py[35] - 用例ID：API001
2023-05-09 15:52:40,278 INFO finance.py[35] - 用例ID：API002
2023-05-09 15:53:11,978 INFO finance.py[35] - 用例ID：API001
2023-05-09 15:53:12,129 INFO finance.py[35] - 用例ID：API002
2023-05-09 15:53:24,426 INFO finance.py[35] - 用例ID：API001
2023-05-09 15:53:24,553 INFO finance.py[35] - 用例ID：API002
2023-05-09 15:53:41,353 INFO finance.py[35] - 用例ID：API001
2023-05-09 15:53:41,490 INFO finance.py[35] - 用例ID：API002
2023-05-09 15:53:56,280 INFO finance.py[35] - 用例ID：API001
2023-05-09 15:55:05,944 INFO finance.py[35] - 用例ID：API002
2023-05-09 15:55:14,952 INFO finance.py[35] - 用例ID：API002
2023-05-09 15:56:26,843 INFO finance.py[35] - 用例ID：API002
2023-05-09 15:56:53,680 INFO finance.py[35] - 用例ID：API002
2023-05-09 15:57:18,757 INFO finance.py[35] - 用例ID：API002
2023-05-09 15:57:27,604 INFO finance.py[35] - 用例ID：API002
2023-05-09 15:57:44,962 INFO finance.py[35] - 用例ID：API002
2023-05-09 16:00:45,058 INFO finance.py[35] - 用例ID：API002
2023-05-09 16:00:57,066 INFO finance.py[35] - 用例ID：API002
2023-05-09 16:03:22,712 INFO finance.py[35] - 用例ID：API002
2023-05-09 16:03:34,722 INFO finance.py[35] - 用例ID：API002
2023-05-09 16:03:46,774 INFO finance.py[35] - 用例ID：API002
2023-05-09 16:03:58,221 INFO finance.py[35] - 用例ID：API002
2023-05-09 16:16:27,772 INFO finance.py[35] - 用例ID：API002
2023-05-09 16:16:44,593 INFO finance.py[35] - 用例ID：API002
2023-05-09 16:17:13,310 INFO finance.py[35] - 用例ID：API002
2023-05-09 16:17:22,109 INFO finance.py[35] - 用例ID：API002
2023-05-09 16:18:26,584 INFO finance.py[35] - 用例ID：API002
2023-05-09 16:18:53,675 INFO finance.py[35] - 用例ID：API001
2023-05-09 16:18:54,487 INFO finance.py[35] - 用例ID：API002
2023-05-09 16:20:21,441 INFO finance.py[35] - 用例ID：API001
2023-05-09 16:20:33,914 INFO finance.py[35] - 用例ID：API002
2023-05-09 16:22:29,526 INFO finance.py[35] - 用例ID：API001
2023-05-09 16:23:02,594 INFO finance.py[35] - 用例ID：API001
2023-05-09 16:25:32,661 INFO finance.py[35] - 用例ID：API001
2023-05-09 16:25:33,975 INFO finance.py[35] - 用例ID：API002
2023-05-09 16:26:00,594 INFO finance.py[35] - 用例ID：API001
2023-05-09 16:26:18,257 INFO finance.py[35] - 用例ID：API001
2023-05-09 16:26:18,530 INFO finance.py[35] - 用例ID：API002
2023-05-09 16:27:14,594 INFO finance.py[35] - 用例ID：API001
2023-05-09 16:28:01,356 INFO finance.py[35] - 用例ID：API001
2023-05-09 16:28:01,704 INFO finance.py[35] - 用例ID：API002
2023-05-09 16:29:36,813 INFO finance.py[35] - 用例ID：API001
2023-05-09 16:30:33,156 INFO finance.py[35] - 用例ID：API001
2023-05-09 16:30:33,411 INFO finance.py[35] - 用例ID：API002
2023-05-09 16:30:57,702 INFO finance.py[35] - 用例ID：API001
2023-05-09 16:31:28,374 INFO finance.py[35] - 用例ID：API001
2023-05-09 16:31:28,633 INFO finance.py[35] - 用例ID：API002
2023-05-09 16:31:40,790 INFO finance.py[35] - 用例ID：API001
2023-05-09 16:31:41,156 INFO finance.py[35] - 用例ID：API002
2023-05-09 16:32:03,723 INFO finance.py[35] - 用例ID：API001
2023-05-09 16:32:12,177 INFO finance.py[35] - 用例ID：API001
2023-05-09 16:32:27,264 INFO finance.py[35] - 用例ID：API001
2023-05-09 16:32:27,426 INFO finance.py[35] - 用例ID：API002
2023-05-09 16:32:50,050 INFO finance.py[35] - 用例ID：API001
2023-05-09 16:32:50,218 INFO finance.py[35] - 用例ID：API002
2023-05-09 16:33:04,224 INFO finance.py[35] - 用例ID：API001
2023-05-09 16:33:04,480 INFO finance.py[35] - 用例ID：API002
2023-05-09 17:16:55,065 INFO finance.py[22] - 用例ID：API001
2023-05-09 17:16:55,321 INFO finance.py[22] - 用例ID：API002
2023-05-09 17:16:55,690 INFO finance.py[22] - 用例ID：API003
2023-05-09 17:17:13,474 INFO finance.py[22] - 用例ID：API001
2023-05-09 17:17:13,627 INFO finance.py[22] - 用例ID：API002
2023-05-09 17:17:13,986 INFO finance.py[22] - 用例ID：API003
2023-05-09 17:17:21,628 INFO finance.py[22] - 用例ID：API001
2023-05-09 17:17:21,818 INFO finance.py[22] - 用例ID：API002
2023-05-09 17:17:22,498 INFO finance.py[22] - 用例ID：API003
2023-05-09 17:17:42,836 INFO finance.py[22] - 用例ID：API001
2023-05-09 17:17:42,983 INFO finance.py[22] - 用例ID：API002
2023-05-09 17:17:43,324 INFO finance.py[22] - 用例ID：API003
2023-05-09 17:18:00,972 INFO finance.py[22] - 用例ID：API001
2023-05-09 17:18:01,192 INFO finance.py[22] - 用例ID：API002
2023-05-09 17:18:01,538 INFO finance.py[22] - 用例ID：API003
2023-05-09 17:18:12,370 INFO finance.py[22] - 用例ID：API001
2023-05-09 17:18:12,601 INFO finance.py[22] - 用例ID：API002
2023-05-09 17:18:12,901 INFO finance.py[22] - 用例ID：API003
2023-05-09 17:21:51,123 INFO finance.py[22] - 用例ID：API001
2023-05-09 17:21:51,657 INFO finance.py[22] - 用例ID：API002
2023-05-09 17:21:52,444 INFO finance.py[22] - 用例ID：API003
2023-05-09 17:22:10,930 INFO finance.py[22] - 用例ID：API001
2023-05-09 17:22:11,286 INFO finance.py[22] - 用例ID：API002
2023-05-09 17:22:11,846 INFO finance.py[22] - 用例ID：API003
2023-05-09 17:22:39,659 INFO finance.py[22] - 用例ID：API001
2023-05-09 17:22:39,834 INFO finance.py[22] - 用例ID：API002
2023-05-09 17:22:41,155 INFO finance.py[22] - 用例ID：API003
2023-05-09 17:22:56,361 INFO finance.py[22] - 用例ID：API001
2023-05-09 17:22:56,559 INFO finance.py[22] - 用例ID：API002
2023-05-09 17:22:57,012 INFO finance.py[22] - 用例ID：API003
2023-05-09 17:23:38,486 INFO finance.py[22] - 用例ID：API001
2023-05-09 17:23:38,600 INFO finance.py[22] - 用例ID：API002
2023-05-09 17:23:38,888 INFO finance.py[22] - 用例ID：API003
2023-05-09 17:23:51,864 INFO finance.py[22] - 用例ID：API001
2023-05-09 17:23:51,983 INFO finance.py[22] - 用例ID：API002
2023-05-09 17:23:52,452 INFO finance.py[22] - 用例ID：API003
2023-05-09 17:25:57,268 INFO finance.py[22] - 用例ID：API001
2023-05-09 17:25:57,406 INFO finance.py[22] - 用例ID：API002
2023-05-09 17:25:57,743 INFO finance.py[22] - 用例ID：API003
2023-05-09 17:34:02,817 INFO finance.py[22] - 用例ID：API001
2023-05-09 17:34:02,933 INFO finance.py[22] - 用例ID：API002
2023-05-09 17:34:03,201 INFO finance.py[22] - 用例ID：API003
2023-05-09 17:51:56,600 INFO finance.py[21] - 用例ID：API001
2023-05-09 17:51:56,718 INFO finance.py[21] - 用例ID：API002
2023-05-09 17:51:57,030 INFO finance.py[21] - 用例ID：API003
2023-05-09 17:59:58,839 INFO test_case_execution.py[24] - 用例ID：API003
2023-05-09 18:01:04,140 INFO test_case_execution.py[24] - 用例ID：API003
2023-05-09 18:06:22,406 INFO test_case_execution.py[26] - 用例ID：API003
2023-05-09 18:06:47,636 INFO test_case_execution.py[25] - 用例ID：API003
2023-05-09 18:10:59,943 INFO test_case_execution.py[27] - 用例ID：API003
2023-05-09 18:11:21,204 INFO test_case_execution.py[27] - 用例ID：API003
